<?xml version="1.0" encoding="UTF-8"?>
<!-- Generated by org.testng.reporters.JUnitReportReporter -->
<testsuite skipped="0" hostname="TYSS-4F-Wacom02" name="scripts.Validlogin" tests="1" failures="0" timestamp="02 Aug 2018 07:37:21 GMT" time="24.920" errors="0">
  <testcase name="testcase1" time="24.920" classname="scripts.Validlogin"/>
</testsuite> <!-- scripts.Validlogin -->
